<?xml version="1.0" encoding="UTF-8"?>
<testsuite name="city.TestSuite 1" tests="1" failures="1" errors="0" time="0.792"><properties><property name="JOB_NAME" value="city-soapui"/><property name="java.vendor" value="Oracle Corporation"/><property name="sun.java.launcher" value="SUN_STANDARD"/><property name="windows_tracing_logfile" value="C:\BVTBin\Tests\installpackage\csilogfile.log"/><property name="NUMBER_OF_PROCESSORS" value="4"/><property name="sun.management.compiler" value="HotSpot Client Compiler"/><property name="JENKINS_HOME" value="E:\Program\Jenkins"/><property name="HUDSON_SERVER_COOKIE" value="a9f263fc6f477120"/><property name="POM_ARTIFACTID" value="mytest"/><property name="os.name" value="Windows 7"/><property name="EXECUTOR_NUMBER" value="1"/><property name="sun.boot.class.path" value="E:\Program\Jenkins\jre\lib\resources.jar;E:\Program\Jenkins\jre\lib\rt.jar;E:\Program\Jenkins\jre\lib\sunrsasign.jar;E:\Program\Jenkins\jre\lib\jsse.jar;E:\Program\Jenkins\jre\lib\jce.jar;E:\Program\Jenkins\jre\lib\charsets.jar;E:\Program\Jenkins\jre\lib\jfr.jar;E:\Program\Jenkins\jre\classes"/><property name="PATHEXT" value=".COM;.EXE;.BAT;.CMD;.VBS;.VBE;.JS;.JSE;.WSF;.WSH;.MSC"/><property name="sun.desktop" value="windows"/><property name="POM_DISPLAYNAME" value="mytest"/><property name="java.vm.specification.vendor" value="Oracle Corporation"/><property name="TEMP" value="C:\Windows\TEMP"/><property name="NODE_LABELS" value="master"/><property name="java.runtime.version" value="1.8.0_20-b26"/><property name="user.name" value="P0060266-LP$"/><property name="guice.disable.misplaced.annotation.check" value="true"/><property name="CommonProgramW6432" value="C:\Program Files\Common Files"/><property name="ProgramFiles" value="C:\Program Files (x86)"/><property name="user.language" value="en"/><property name="BUILD_DISPLAY_NAME" value="#2"/><property name="sun.boot.library.path" value="E:\Program\Jenkins\jre\bin"/><property name="LOCALAPPDATA" value="C:\Windows\system32\config\systemprofile\AppData\Local"/><property name="java.version" value="1.8.0_20"/><property name="PROCESSOR_LEVEL" value="6"/><property name="user.timezone" value="Australia/Sydney"/><property name="USERNAME" value="P0060266-LP$"/><property name="sun.arch.data.model" value="32"/><property name="PROCESSOR_ARCHITEW6432" value="AMD64"/><property name="NODE_NAME" value="master"/><property name="java.endorsed.dirs" value="E:\Program\Jenkins\jre\lib\endorsed"/><property name="BUILD_ID" value="2"/><property name="sun.cpu.isalist" value="pentium_pro+mmx pentium_pro pentium+mmx pentium i486 i386 i86"/><property name="sun.jnu.encoding" value="GBK"/><property name="file.encoding.pkg" value="sun.io"/><property name="file.separator" value="\"/><property name="java.specification.name" value="Java Platform API Specification"/><property name="java.class.version" value="52.0"/><property name="org.slf4j.simpleLogger.defaultLogLevel" value="info"/><property name="user.country" value="US"/><property name="ALLUSERSPROFILE" value="C:\ProgramData"/><property name="java.home" value="E:\Program\Jenkins\jre"/><property name="java.vm.info" value="mixed mode"/><property name="os.version" value="6.1"/><property name="POM_VERSION" value="1.0-SNAPSHOT"/><property name="TMP" value="C:\Windows\TEMP"/><property name="path.separator" value=";"/><property name="java.vm.version" value="25.20-b23"/><property name="user.variant" value=""/><property name="LDMS_LOCAL_DIR" value="C:\Program Files (x86)\LANDesk\LDClient\Data"/><property name="CommonProgramFiles(x86)" value="C:\Program Files (x86)\Common Files"/><property name="sun.awt.enableExtraMouseButtons" value="true"/><property name="FP_NO_HOST_CHECK" value="NO"/><property name="java.awt.printerjob" value="sun.awt.windows.WPrinterJob"/><property name="JAVA_HOME" value="C:\Program Files\Java\jdk1.7.0_55"/><property name="sun.io.unicode.encoding" value="UnicodeLittle"/><property name="CommonProgramFiles" value="C:\Program Files (x86)\Common Files"/><property name="ComSpec" value="C:\Windows\system32\cmd.exe"/><property name="awt.toolkit" value="sun.awt.windows.WToolkit"/><property name="POM_PACKAGING" value="jar"/><property name="SERVICE_ID" value="jenkins"/><property name="COMPUTERNAME" value="P0060266-LP"/><property name="user.script" value=""/><property name="VBOX_MSI_INSTALL_PATH" value="C:\Program Files\Oracle\VirtualBox\"/><property name="POM_GROUPID" value="com.test"/><property name="PUBLIC" value="C:\Users\Public"/><property name="user.home" value="C:\Windows\system32\config\systemprofile"/><property name="JENKINS_SERVER_COOKIE" value="a9f263fc6f477120"/><property name="BUILD_TAG" value="jenkins-city-soapui-2"/><property name="HUDSON_URL" value="http://localhost:8080/"/><property name="ProgramData" value="C:\ProgramData"/><property name="java.specification.vendor" value="Oracle Corporation"/><property name="USERPROFILE" value="C:\Windows\system32\config\systemprofile"/><property name="CLASSPATH" value=""/><property name="java.library.path" value="E:\Program\Jenkins\jre\bin;C:\Windows\Sun\Java\bin;C:\Windows\system32;C:\Windows;E:\Program\Jenkins\tools\hudson.tasks.Maven_MavenInstallation\maven/bin;C:\Program Files\Java\jdk1.7.0\bin;C:\Windows\system32;C:\Windows;C:\Windows\System32\Wbem;C:\Windows\System32\WindowsPowerShell\v1.0\;C:\Program Files (x86)\Skype\Phone\;C:\Program Files (x86)\Git\cmd;E:\Program\apache-maven-3.3.3\bin;C:\Program Files\Java\jdk1.7.0_55\bin;."/><property name="java.vendor.url" value="http://java.oracle.com/"/><property name="APPDATA" value="C:\Windows\system32\config\systemprofile\AppData\Roaming"/><property name="java.vm.vendor" value="Oracle Corporation"/><property name="maven.home" value="E:\Program\jenkins\tools\hudson.tasks.Maven_MavenInstallation\maven"/><property name="java.runtime.name" value="Java(TM) SE Runtime Environment"/><property name="sun.java.command" value="jenkins.maven3.agent.Maven31Main E:\Program\Jenkins\tools\hudson.tasks.Maven_MavenInstallation\maven E:\Program\jenkins\war\WEB-INF\lib\remoting-2.51.jar E:\Program\Jenkins\plugins\maven-plugin\WEB-INF\lib\maven31-interceptor-1.5.jar E:\Program\Jenkins\plugins\maven-plugin\WEB-INF\lib\maven3-interceptor-commons-1.5.jar 58895"/><property name="java.class.path" value="E:\Program\Jenkins\plugins\maven-plugin\WEB-INF\lib\maven31-agent-1.5.jar;E:\Program\Jenkins\tools\hudson.tasks.Maven_MavenInstallation\maven\boot\plexus-classworlds-2.5.2.jar;E:\Program\Jenkins\tools\hudson.tasks.Maven_MavenInstallation\maven/conf/logging"/><property name="Path" value="C:\Program Files\Java\jdk1.7.0\bin;C:\Windows\system32;C:\Windows;C:\Windows\System32\Wbem;C:\Windows\System32\WindowsPowerShell\v1.0\;C:\Program Files (x86)\Skype\Phone\;C:\Program Files (x86)\Git\cmd;E:\Program\apache-maven-3.3.3\bin;C:\Program Files\Java\jdk1.7.0_55\bin"/><property name="PROCESSOR_ARCHITECTURE" value="x86"/><property name="java.vm.specification.name" value="Java Virtual Machine Specification"/><property name="PROCESSOR_IDENTIFIER" value="Intel64 Family 6 Model 61 Stepping 4, GenuineIntel"/><property name="java.vm.specification.version" value="1.8"/><property name="M2_HOME" value="E:\Program\Jenkins\tools\hudson.tasks.Maven_MavenInstallation\maven"/><property name="sun.cpu.endian" value="little"/><property name="sun.os.patch.level" value="Service Pack 1"/><property name="OS" value="Windows_NT"/><property name="java.io.tmpdir" value="C:\Windows\TEMP\"/><property name="PATH+MAVEN" value="E:\Program\Jenkins\tools\hudson.tasks.Maven_MavenInstallation\maven/bin"/><property name="HUDSON_HOME" value="E:\Program\Jenkins"/><property name="ProgramFiles(x86)" value="C:\Program Files (x86)"/><property name="java.vendor.url.bug" value="http://bugreport.sun.com/bugreport/"/><property name="BUILD_URL" value="http://localhost:8080/job/city-soapui/2/"/><property name="windows_tracing_flags" value="3"/><property name="SystemRoot" value="C:\Windows"/><property name="os.arch" value="x86"/><property name="java.awt.graphicsenv" value="sun.awt.Win32GraphicsEnvironment"/><property name="java.ext.dirs" value="E:\Program\Jenkins\jre\lib\ext;C:\Windows\Sun\Java\lib\ext"/><property name="JOB_URL" value="http://localhost:8080/job/city-soapui/"/><property name="user.dir" value="D:\Workspace\soap-ui"/><property name="USERDOMAIN" value="WORKGROUP"/><property name="MAVEN_HOME" value="E:\Program\Jenkins\tools\hudson.tasks.Maven_MavenInstallation\maven"/><property name="line.separator" value="
"/><property name="BASE" value="E:\Program\Jenkins"/><property name="BUILD_NUMBER" value="2"/><property name="java.vm.name" value="Java HotSpot(TM) Client VM"/><property name="PROCESSOR_REVISION" value="3d04"/><property name="JENKINS_URL" value="http://localhost:8080/"/><property name="ProgramW6432" value="C:\Program Files"/><property name="windir" value="C:\Windows"/><property name="SystemDrive" value="C:"/><property name="file.encoding" value="GBK"/><property name="maven3.interceptor" value="E:\Program\Jenkins\plugins\maven-plugin\WEB-INF\lib\maven31-interceptor-1.5.jar"/><property name="WORKSPACE" value="E:\Program\Jenkins\workspace\city-soapui"/><property name="maven3.interceptor.common" value="E:\Program\Jenkins\plugins\maven-plugin\WEB-INF\lib\maven3-interceptor-commons-1.5.jar"/><property name="WINSW_EXECUTABLE" value="E:\Program\Jenkins\jenkins.exe"/><property name="PSModulePath" value="C:\Windows\system32\WindowsPowerShell\v1.0\Modules\"/><property name="java.specification.version" value="1.8"/></properties><testcase name="TestCase 1" time="0.792"><failure type="Cancelling due to failed test step" message="Cancelling due to failed test step"><![CDATA[<h3><b>CitiesJSON - Request 1 Failed</b></h3><pre>[Contains] Missing token [PPLC] in Response
</pre><hr/>]]></failure></testcase></testsuite>